[debug] [2025-05-01T16:21:11.849Z] ----------------------------------------------------------------------
[debug] [2025-05-01T16:21:11.865Z] Command:       C:\Program Files\nodejs\node.exe C:\Users\Mahek Gohil\AppData\Roaming\npm\node_modules\firebase-tools\lib\bin\firebase.js init
[debug] [2025-05-01T16:21:11.866Z] CLI Version:   14.2.2
[debug] [2025-05-01T16:21:11.866Z] Platform:      win32
[debug] [2025-05-01T16:21:11.866Z] Node Version:  v20.17.0
[debug] [2025-05-01T16:21:11.867Z] Time:          Thu May 01 2025 21:51:11 GMT+0530 (India Standard Time)
[debug] [2025-05-01T16:21:11.867Z] ----------------------------------------------------------------------
[debug] 
[debug] [2025-05-01T16:21:11.878Z] > command requires scopes: ["email","openid","https://www.googleapis.com/auth/cloudplatformprojects.readonly","https://www.googleapis.com/auth/firebase","https://www.googleapis.com/auth/cloud-platform"]
[debug] [2025-05-01T16:21:11.879Z] > authorizing via signed-in user (22bt04035@gsfcuniversity.ac.in)
[info] 
     ######## #### ########  ######## ########     ###     ######  ########
     ##        ##  ##     ## ##       ##     ##  ##   ##  ##       ##
     ######    ##  ########  ######   ########  #########  ######  ######
     ##        ##  ##    ##  ##       ##     ## ##     ##       ## ##
     ##       #### ##     ## ######## ########  ##     ##  ######  ########

You're about to initialize a Firebase project in this directory:

  C:\Minor Project\agri-app

Before we get started, keep in mind:

  * You are currently outside your home directory

[info] 
=== Project Setup
[info] 
[info] First, let's associate this project directory with a Firebase project.
[info] You can create multiple project aliases by running firebase use --add, 
[info] but for now we'll just set up a default project.
[info] 
[debug] [2025-05-01T16:21:36.999Z] Checked if tokens are valid: false, expires at: 1746104318902
[debug] [2025-05-01T16:21:36.999Z] Checked if tokens are valid: false, expires at: 1746104318902
[debug] [2025-05-01T16:21:37.000Z] > refreshing access token with scopes: []
[debug] [2025-05-01T16:21:37.002Z] >>> [apiv2][query] POST https://www.googleapis.com/oauth2/v3/token [none]
[debug] [2025-05-01T16:21:37.003Z] >>> [apiv2][body] POST https://www.googleapis.com/oauth2/v3/token [omitted]
[debug] [2025-05-01T16:21:37.381Z] <<< [apiv2][status] POST https://www.googleapis.com/oauth2/v3/token 200
[debug] [2025-05-01T16:21:37.381Z] <<< [apiv2][body] POST https://www.googleapis.com/oauth2/v3/token [omitted]
[debug] [2025-05-01T16:21:37.395Z] >>> [apiv2][query] GET https://firebase.googleapis.com/v1beta1/projects pageSize=100
[debug] [2025-05-01T16:21:38.321Z] <<< [apiv2][status] GET https://firebase.googleapis.com/v1beta1/projects 200
[debug] [2025-05-01T16:21:38.321Z] <<< [apiv2][body] GET https://firebase.googleapis.com/v1beta1/projects [omitted]
[info] i  Using project agriapp-4035 (agriapp) 
[info] 
=== Functions Setup
[debug] [2025-05-01T16:21:40.519Z] > command requires scopes: ["email","openid","https://www.googleapis.com/auth/cloudplatformprojects.readonly","https://www.googleapis.com/auth/firebase","https://www.googleapis.com/auth/cloud-platform"]
[debug] [2025-05-01T16:21:40.519Z] > authorizing via signed-in user (22bt04035@gsfcuniversity.ac.in)
[debug] [2025-05-01T16:21:40.520Z] [iam] checking project agriapp-4035 for permissions ["firebase.projects.get"]
[debug] [2025-05-01T16:21:40.520Z] Checked if tokens are valid: true, expires at: 1746120096381
[debug] [2025-05-01T16:21:40.520Z] Checked if tokens are valid: true, expires at: 1746120096381
[debug] [2025-05-01T16:21:40.521Z] >>> [apiv2][query] POST https://cloudresourcemanager.googleapis.com/v1/projects/agriapp-4035:testIamPermissions [none]
[debug] [2025-05-01T16:21:40.521Z] >>> [apiv2][(partial)header] POST https://cloudresourcemanager.googleapis.com/v1/projects/agriapp-4035:testIamPermissions x-goog-quota-user=projects/agriapp-4035
[debug] [2025-05-01T16:21:40.521Z] >>> [apiv2][body] POST https://cloudresourcemanager.googleapis.com/v1/projects/agriapp-4035:testIamPermissions {"permissions":["firebase.projects.get"]}
[debug] [2025-05-01T16:21:42.127Z] <<< [apiv2][status] POST https://cloudresourcemanager.googleapis.com/v1/projects/agriapp-4035:testIamPermissions 200
[debug] [2025-05-01T16:21:42.127Z] <<< [apiv2][body] POST https://cloudresourcemanager.googleapis.com/v1/projects/agriapp-4035:testIamPermissions {"permissions":["firebase.projects.get"]}
[debug] [2025-05-01T16:21:42.128Z] Checked if tokens are valid: true, expires at: 1746120096381
[debug] [2025-05-01T16:21:42.128Z] Checked if tokens are valid: true, expires at: 1746120096381
[debug] [2025-05-01T16:21:42.128Z] Checked if tokens are valid: true, expires at: 1746120096381
[debug] [2025-05-01T16:21:42.128Z] Checked if tokens are valid: true, expires at: 1746120096381
[debug] [2025-05-01T16:21:42.128Z] >>> [apiv2][query] GET https://serviceusage.googleapis.com/v1/projects/agriapp-4035/services/cloudfunctions.googleapis.com [none]
[debug] [2025-05-01T16:21:42.128Z] >>> [apiv2][(partial)header] GET https://serviceusage.googleapis.com/v1/projects/agriapp-4035/services/cloudfunctions.googleapis.com x-goog-quota-user=projects/agriapp-4035
[debug] [2025-05-01T16:21:42.129Z] >>> [apiv2][query] GET https://serviceusage.googleapis.com/v1/projects/agriapp-4035/services/runtimeconfig.googleapis.com [none]
[debug] [2025-05-01T16:21:42.130Z] >>> [apiv2][(partial)header] GET https://serviceusage.googleapis.com/v1/projects/agriapp-4035/services/runtimeconfig.googleapis.com x-goog-quota-user=projects/agriapp-4035
[debug] [2025-05-01T16:21:44.074Z] <<< [apiv2][status] GET https://serviceusage.googleapis.com/v1/projects/agriapp-4035/services/runtimeconfig.googleapis.com 200
[debug] [2025-05-01T16:21:44.074Z] <<< [apiv2][body] GET https://serviceusage.googleapis.com/v1/projects/agriapp-4035/services/runtimeconfig.googleapis.com [omitted]
[debug] [2025-05-01T16:21:44.076Z] <<< [apiv2][status] GET https://serviceusage.googleapis.com/v1/projects/agriapp-4035/services/cloudfunctions.googleapis.com 200
[debug] [2025-05-01T16:21:44.076Z] <<< [apiv2][body] GET https://serviceusage.googleapis.com/v1/projects/agriapp-4035/services/cloudfunctions.googleapis.com [omitted]
[info] Let's create a new codebase for your functions.
[info] A directory corresponding to the codebase will be created in your project
[info] with sample code pre-configured.

[info] See https://firebase.google.com/docs/functions/organize-functions for
[info] more information on organizing your functions using codebases.

[info] Functions can be deployed with firebase deploy.

[info] i  functions/requirements.txt is unchanged 
[info] i  functions/.gitignore is unchanged 
[info] i  functions/main.py is unchanged 
[debug] [2025-05-01T16:21:48.842Z] Error: spawn python.exe ENOENT
    at notFoundError (C:\Users\Mahek Gohil\AppData\Roaming\npm\node_modules\firebase-tools\node_modules\cross-spawn\lib\enoent.js:6:26)
    at verifyENOENT (C:\Users\Mahek Gohil\AppData\Roaming\npm\node_modules\firebase-tools\node_modules\cross-spawn\lib\enoent.js:40:16)
    at cp.emit (C:\Users\Mahek Gohil\AppData\Roaming\npm\node_modules\firebase-tools\node_modules\cross-spawn\lib\enoent.js:27:25)
    at ChildProcess._handle.onexit (node:internal/child_process:294:12)
[error] 
[error] Error: An unexpected error has occurred.
[debug] [2025-05-01T16:38:18.525Z] ----------------------------------------------------------------------
[debug] [2025-05-01T16:38:18.537Z] Command:       C:\Program Files\nodejs\node.exe C:\Users\Mahek Gohil\AppData\Roaming\npm\node_modules\firebase-tools\lib\bin\firebase.js init
[debug] [2025-05-01T16:38:18.538Z] CLI Version:   14.2.2
[debug] [2025-05-01T16:38:18.538Z] Platform:      win32
[debug] [2025-05-01T16:38:18.539Z] Node Version:  v20.17.0
[debug] [2025-05-01T16:38:18.539Z] Time:          Thu May 01 2025 22:08:18 GMT+0530 (India Standard Time)
[debug] [2025-05-01T16:38:18.539Z] ----------------------------------------------------------------------
[debug] 
[debug] [2025-05-01T16:38:18.549Z] > command requires scopes: ["email","openid","https://www.googleapis.com/auth/cloudplatformprojects.readonly","https://www.googleapis.com/auth/firebase","https://www.googleapis.com/auth/cloud-platform"]
[debug] [2025-05-01T16:38:18.549Z] > authorizing via signed-in user (22bt04035@gsfcuniversity.ac.in)
[info] 
     ######## #### ########  ######## ########     ###     ######  ########
     ##        ##  ##     ## ##       ##     ##  ##   ##  ##       ##
     ######    ##  ########  ######   ########  #########  ######  ######
     ##        ##  ##    ##  ##       ##     ## ##     ##       ## ##
     ##       #### ##     ## ######## ########  ##     ##  ######  ########

You're about to initialize a Firebase project in this directory:

  C:\Minor Project\agri-app

Before we get started, keep in mind:

  * You are currently outside your home directory

[info] 
=== Project Setup
[info] 
[info] First, let's associate this project directory with a Firebase project.
[info] You can create multiple project aliases by running firebase use --add, 
[info] but for now we'll just set up a default project.
[info] 
[debug] [2025-05-01T16:38:33.495Z] Checked if tokens are valid: true, expires at: 1746120096381
[debug] [2025-05-01T16:38:33.496Z] Checked if tokens are valid: true, expires at: 1746120096381
[debug] [2025-05-01T16:38:33.502Z] >>> [apiv2][query] GET https://firebase.googleapis.com/v1beta1/projects pageSize=100
[debug] [2025-05-01T16:38:34.446Z] <<< [apiv2][status] GET https://firebase.googleapis.com/v1beta1/projects 200
[debug] [2025-05-01T16:38:34.447Z] <<< [apiv2][body] GET https://firebase.googleapis.com/v1beta1/projects [omitted]
[info] i  Using project agriapp-4035 (agriapp) 
[info] 
=== Functions Setup
[debug] [2025-05-01T16:38:37.022Z] > command requires scopes: ["email","openid","https://www.googleapis.com/auth/cloudplatformprojects.readonly","https://www.googleapis.com/auth/firebase","https://www.googleapis.com/auth/cloud-platform"]
[debug] [2025-05-01T16:38:37.023Z] > authorizing via signed-in user (22bt04035@gsfcuniversity.ac.in)
[debug] [2025-05-01T16:38:37.023Z] [iam] checking project agriapp-4035 for permissions ["firebase.projects.get"]
[debug] [2025-05-01T16:38:37.024Z] Checked if tokens are valid: true, expires at: 1746120096381
[debug] [2025-05-01T16:38:37.024Z] Checked if tokens are valid: true, expires at: 1746120096381
[debug] [2025-05-01T16:38:37.024Z] >>> [apiv2][query] POST https://cloudresourcemanager.googleapis.com/v1/projects/agriapp-4035:testIamPermissions [none]
[debug] [2025-05-01T16:38:37.024Z] >>> [apiv2][(partial)header] POST https://cloudresourcemanager.googleapis.com/v1/projects/agriapp-4035:testIamPermissions x-goog-quota-user=projects/agriapp-4035
[debug] [2025-05-01T16:38:37.024Z] >>> [apiv2][body] POST https://cloudresourcemanager.googleapis.com/v1/projects/agriapp-4035:testIamPermissions {"permissions":["firebase.projects.get"]}
[debug] [2025-05-01T16:38:38.602Z] <<< [apiv2][status] POST https://cloudresourcemanager.googleapis.com/v1/projects/agriapp-4035:testIamPermissions 200
[debug] [2025-05-01T16:38:38.602Z] <<< [apiv2][body] POST https://cloudresourcemanager.googleapis.com/v1/projects/agriapp-4035:testIamPermissions {"permissions":["firebase.projects.get"]}
[debug] [2025-05-01T16:38:38.603Z] Checked if tokens are valid: true, expires at: 1746120096381
[debug] [2025-05-01T16:38:38.603Z] Checked if tokens are valid: true, expires at: 1746120096381
[debug] [2025-05-01T16:38:38.604Z] Checked if tokens are valid: true, expires at: 1746120096381
[debug] [2025-05-01T16:38:38.604Z] Checked if tokens are valid: true, expires at: 1746120096381
[debug] [2025-05-01T16:38:38.604Z] >>> [apiv2][query] GET https://serviceusage.googleapis.com/v1/projects/agriapp-4035/services/cloudfunctions.googleapis.com [none]
[debug] [2025-05-01T16:38:38.604Z] >>> [apiv2][(partial)header] GET https://serviceusage.googleapis.com/v1/projects/agriapp-4035/services/cloudfunctions.googleapis.com x-goog-quota-user=projects/agriapp-4035
[debug] [2025-05-01T16:38:38.606Z] >>> [apiv2][query] GET https://serviceusage.googleapis.com/v1/projects/agriapp-4035/services/runtimeconfig.googleapis.com [none]
[debug] [2025-05-01T16:38:38.606Z] >>> [apiv2][(partial)header] GET https://serviceusage.googleapis.com/v1/projects/agriapp-4035/services/runtimeconfig.googleapis.com x-goog-quota-user=projects/agriapp-4035
[debug] [2025-05-01T16:38:40.644Z] <<< [apiv2][status] GET https://serviceusage.googleapis.com/v1/projects/agriapp-4035/services/runtimeconfig.googleapis.com 200
[debug] [2025-05-01T16:38:40.644Z] <<< [apiv2][body] GET https://serviceusage.googleapis.com/v1/projects/agriapp-4035/services/runtimeconfig.googleapis.com [omitted]
[debug] [2025-05-01T16:38:40.645Z] <<< [apiv2][status] GET https://serviceusage.googleapis.com/v1/projects/agriapp-4035/services/cloudfunctions.googleapis.com 200
[debug] [2025-05-01T16:38:40.646Z] <<< [apiv2][body] GET https://serviceusage.googleapis.com/v1/projects/agriapp-4035/services/cloudfunctions.googleapis.com [omitted]
[info] Let's create a new codebase for your functions.
[info] A directory corresponding to the codebase will be created in your project
[info] with sample code pre-configured.

[info] See https://firebase.google.com/docs/functions/organize-functions for
[info] more information on organizing your functions using codebases.

[info] Functions can be deployed with firebase deploy.

[info] i  functions/requirements.txt is unchanged 
[info] i  functions/.gitignore is unchanged 
[info] i  functions/main.py is unchanged 
[debug] [2025-05-01T16:38:44.938Z] Error: spawn python.exe ENOENT
    at notFoundError (C:\Users\Mahek Gohil\AppData\Roaming\npm\node_modules\firebase-tools\node_modules\cross-spawn\lib\enoent.js:6:26)
    at verifyENOENT (C:\Users\Mahek Gohil\AppData\Roaming\npm\node_modules\firebase-tools\node_modules\cross-spawn\lib\enoent.js:40:16)
    at cp.emit (C:\Users\Mahek Gohil\AppData\Roaming\npm\node_modules\firebase-tools\node_modules\cross-spawn\lib\enoent.js:27:25)
    at ChildProcess._handle.onexit (node:internal/child_process:294:12)
[error] 
[error] Error: An unexpected error has occurred.
[debug] [2025-05-01T16:57:57.748Z] ----------------------------------------------------------------------
[debug] [2025-05-01T16:57:57.759Z] Command:       C:\Program Files\nodejs\node.exe C:\Users\Mahek Gohil\AppData\Roaming\npm\node_modules\firebase-tools\lib\bin\firebase.js init
[debug] [2025-05-01T16:57:57.760Z] CLI Version:   14.2.2
[debug] [2025-05-01T16:57:57.760Z] Platform:      win32
[debug] [2025-05-01T16:57:57.760Z] Node Version:  v20.17.0
[debug] [2025-05-01T16:57:57.760Z] Time:          Thu May 01 2025 22:27:57 GMT+0530 (India Standard Time)
[debug] [2025-05-01T16:57:57.761Z] ----------------------------------------------------------------------
[debug] 
[debug] [2025-05-01T16:57:57.770Z] > command requires scopes: ["email","openid","https://www.googleapis.com/auth/cloudplatformprojects.readonly","https://www.googleapis.com/auth/firebase","https://www.googleapis.com/auth/cloud-platform"]
[debug] [2025-05-01T16:57:57.771Z] > authorizing via signed-in user (22bt04035@gsfcuniversity.ac.in)
[info] 
     ######## #### ########  ######## ########     ###     ######  ########
     ##        ##  ##     ## ##       ##     ##  ##   ##  ##       ##
     ######    ##  ########  ######   ########  #########  ######  ######
     ##        ##  ##    ##  ##       ##     ## ##     ##       ## ##
     ##       #### ##     ## ######## ########  ##     ##  ######  ########

You're about to initialize a Firebase project in this directory:

  C:\Minor Project\agri-app

Before we get started, keep in mind:

  * You are currently outside your home directory

[info] 
=== Project Setup
[info] 
[info] First, let's associate this project directory with a Firebase project.
[info] You can create multiple project aliases by running firebase use --add, 
[info] but for now we'll just set up a default project.
[info] 
[debug] [2025-05-01T16:58:53.194Z] Checked if tokens are valid: true, expires at: 1746120096381
[debug] [2025-05-01T16:58:53.195Z] Checked if tokens are valid: true, expires at: 1746120096381
[debug] [2025-05-01T16:58:53.201Z] >>> [apiv2][query] GET https://firebase.googleapis.com/v1beta1/projects pageSize=100
[debug] [2025-05-01T16:58:54.370Z] <<< [apiv2][status] GET https://firebase.googleapis.com/v1beta1/projects 200
[debug] [2025-05-01T16:58:54.370Z] <<< [apiv2][body] GET https://firebase.googleapis.com/v1beta1/projects [omitted]
[info] i  Using project agriapp-4035 (agriapp) 
[info] 
=== Functions Setup
[debug] [2025-05-01T16:58:56.364Z] > command requires scopes: ["email","openid","https://www.googleapis.com/auth/cloudplatformprojects.readonly","https://www.googleapis.com/auth/firebase","https://www.googleapis.com/auth/cloud-platform"]
[debug] [2025-05-01T16:58:56.365Z] > authorizing via signed-in user (22bt04035@gsfcuniversity.ac.in)
[debug] [2025-05-01T16:58:56.366Z] [iam] checking project agriapp-4035 for permissions ["firebase.projects.get"]
[debug] [2025-05-01T16:58:56.367Z] Checked if tokens are valid: true, expires at: 1746120096381
[debug] [2025-05-01T16:58:56.367Z] Checked if tokens are valid: true, expires at: 1746120096381
[debug] [2025-05-01T16:58:56.367Z] >>> [apiv2][query] POST https://cloudresourcemanager.googleapis.com/v1/projects/agriapp-4035:testIamPermissions [none]
[debug] [2025-05-01T16:58:56.368Z] >>> [apiv2][(partial)header] POST https://cloudresourcemanager.googleapis.com/v1/projects/agriapp-4035:testIamPermissions x-goog-quota-user=projects/agriapp-4035
[debug] [2025-05-01T16:58:56.368Z] >>> [apiv2][body] POST https://cloudresourcemanager.googleapis.com/v1/projects/agriapp-4035:testIamPermissions {"permissions":["firebase.projects.get"]}
[debug] [2025-05-01T16:58:56.872Z] <<< [apiv2][status] POST https://cloudresourcemanager.googleapis.com/v1/projects/agriapp-4035:testIamPermissions 200
[debug] [2025-05-01T16:58:56.872Z] <<< [apiv2][body] POST https://cloudresourcemanager.googleapis.com/v1/projects/agriapp-4035:testIamPermissions {"permissions":["firebase.projects.get"]}
[debug] [2025-05-01T16:58:56.873Z] Checked if tokens are valid: true, expires at: 1746120096381
[debug] [2025-05-01T16:58:56.873Z] Checked if tokens are valid: true, expires at: 1746120096381
[debug] [2025-05-01T16:58:56.874Z] Checked if tokens are valid: true, expires at: 1746120096381
[debug] [2025-05-01T16:58:56.874Z] Checked if tokens are valid: true, expires at: 1746120096381
[debug] [2025-05-01T16:58:56.874Z] >>> [apiv2][query] GET https://serviceusage.googleapis.com/v1/projects/agriapp-4035/services/cloudfunctions.googleapis.com [none]
[debug] [2025-05-01T16:58:56.874Z] >>> [apiv2][(partial)header] GET https://serviceusage.googleapis.com/v1/projects/agriapp-4035/services/cloudfunctions.googleapis.com x-goog-quota-user=projects/agriapp-4035
[debug] [2025-05-01T16:58:56.876Z] >>> [apiv2][query] GET https://serviceusage.googleapis.com/v1/projects/agriapp-4035/services/runtimeconfig.googleapis.com [none]
[debug] [2025-05-01T16:58:56.876Z] >>> [apiv2][(partial)header] GET https://serviceusage.googleapis.com/v1/projects/agriapp-4035/services/runtimeconfig.googleapis.com x-goog-quota-user=projects/agriapp-4035
[debug] [2025-05-01T16:58:58.793Z] <<< [apiv2][status] GET https://serviceusage.googleapis.com/v1/projects/agriapp-4035/services/runtimeconfig.googleapis.com 200
[debug] [2025-05-01T16:58:58.793Z] <<< [apiv2][body] GET https://serviceusage.googleapis.com/v1/projects/agriapp-4035/services/runtimeconfig.googleapis.com [omitted]
[debug] [2025-05-01T16:58:58.804Z] <<< [apiv2][status] GET https://serviceusage.googleapis.com/v1/projects/agriapp-4035/services/cloudfunctions.googleapis.com 200
[debug] [2025-05-01T16:58:58.805Z] <<< [apiv2][body] GET https://serviceusage.googleapis.com/v1/projects/agriapp-4035/services/cloudfunctions.googleapis.com [omitted]
[info] Let's create a new codebase for your functions.
[info] A directory corresponding to the codebase will be created in your project
[info] with sample code pre-configured.

[info] See https://firebase.google.com/docs/functions/organize-functions for
[info] more information on organizing your functions using codebases.

[info] Functions can be deployed with firebase deploy.

[info] +  Wrote functions/requirements.txt 
[info] +  Wrote functions/.gitignore 
[info] +  Wrote functions/main.py 
[debug] [2025-05-01T16:59:02.290Z] Error: spawn python.exe ENOENT
    at notFoundError (C:\Users\Mahek Gohil\AppData\Roaming\npm\node_modules\firebase-tools\node_modules\cross-spawn\lib\enoent.js:6:26)
    at verifyENOENT (C:\Users\Mahek Gohil\AppData\Roaming\npm\node_modules\firebase-tools\node_modules\cross-spawn\lib\enoent.js:40:16)
    at cp.emit (C:\Users\Mahek Gohil\AppData\Roaming\npm\node_modules\firebase-tools\node_modules\cross-spawn\lib\enoent.js:27:25)
    at ChildProcess._handle.onexit (node:internal/child_process:294:12)
[error] 
[error] Error: An unexpected error has occurred.
[debug] [2025-05-01T17:15:39.915Z] ----------------------------------------------------------------------
[debug] [2025-05-01T17:15:39.918Z] Command:       C:\Program Files\nodejs\node.exe C:\Users\Mahek Gohil\AppData\Roaming\npm\node_modules\firebase-tools\lib\bin\firebase.js init
[debug] [2025-05-01T17:15:39.919Z] CLI Version:   14.2.2
[debug] [2025-05-01T17:15:39.919Z] Platform:      win32
[debug] [2025-05-01T17:15:39.919Z] Node Version:  v20.17.0
[debug] [2025-05-01T17:15:39.919Z] Time:          Thu May 01 2025 22:45:39 GMT+0530 (India Standard Time)
[debug] [2025-05-01T17:15:39.920Z] ----------------------------------------------------------------------
[debug] 
[debug] [2025-05-01T17:15:39.926Z] > command requires scopes: ["email","openid","https://www.googleapis.com/auth/cloudplatformprojects.readonly","https://www.googleapis.com/auth/firebase","https://www.googleapis.com/auth/cloud-platform"]
[debug] [2025-05-01T17:15:39.927Z] > authorizing via signed-in user (22bt04035@gsfcuniversity.ac.in)
[info] 
     ######## #### ########  ######## ########     ###     ######  ########
     ##        ##  ##     ## ##       ##     ##  ##   ##  ##       ##
     ######    ##  ########  ######   ########  #########  ######  ######
     ##        ##  ##    ##  ##       ##     ## ##     ##       ## ##
     ##       #### ##     ## ######## ########  ##     ##  ######  ########

You're about to initialize a Firebase project in this directory:

  C:\Minor Project\agri-app

Before we get started, keep in mind:

  * You are currently outside your home directory

[info] 
=== Project Setup
[info] 
[info] First, let's associate this project directory with a Firebase project.
[info] You can create multiple project aliases by running firebase use --add, 
[info] but for now we'll just set up a default project.
[info] 
[debug] [2025-05-01T17:15:49.884Z] Checked if tokens are valid: true, expires at: 1746123168495
[debug] [2025-05-01T17:15:49.884Z] Checked if tokens are valid: true, expires at: 1746123168495
[debug] [2025-05-01T17:15:49.887Z] >>> [apiv2][query] GET https://firebase.googleapis.com/v1beta1/projects pageSize=100
[debug] [2025-05-01T17:15:50.933Z] <<< [apiv2][status] GET https://firebase.googleapis.com/v1beta1/projects 200
[debug] [2025-05-01T17:15:50.933Z] <<< [apiv2][body] GET https://firebase.googleapis.com/v1beta1/projects [omitted]
[info] i  Using project agriapp-4035 (agriapp) 
[info] 
=== Functions Setup
[debug] [2025-05-01T17:15:52.232Z] > command requires scopes: ["email","openid","https://www.googleapis.com/auth/cloudplatformprojects.readonly","https://www.googleapis.com/auth/firebase","https://www.googleapis.com/auth/cloud-platform"]
[debug] [2025-05-01T17:15:52.233Z] > authorizing via signed-in user (22bt04035@gsfcuniversity.ac.in)
[debug] [2025-05-01T17:15:52.233Z] [iam] checking project agriapp-4035 for permissions ["firebase.projects.get"]
[debug] [2025-05-01T17:15:52.233Z] Checked if tokens are valid: true, expires at: 1746123168495
[debug] [2025-05-01T17:15:52.234Z] Checked if tokens are valid: true, expires at: 1746123168495
[debug] [2025-05-01T17:15:52.234Z] >>> [apiv2][query] POST https://cloudresourcemanager.googleapis.com/v1/projects/agriapp-4035:testIamPermissions [none]
[debug] [2025-05-01T17:15:52.234Z] >>> [apiv2][(partial)header] POST https://cloudresourcemanager.googleapis.com/v1/projects/agriapp-4035:testIamPermissions x-goog-quota-user=projects/agriapp-4035
[debug] [2025-05-01T17:15:52.234Z] >>> [apiv2][body] POST https://cloudresourcemanager.googleapis.com/v1/projects/agriapp-4035:testIamPermissions {"permissions":["firebase.projects.get"]}
[debug] [2025-05-01T17:15:53.834Z] <<< [apiv2][status] POST https://cloudresourcemanager.googleapis.com/v1/projects/agriapp-4035:testIamPermissions 200
[debug] [2025-05-01T17:15:53.835Z] <<< [apiv2][body] POST https://cloudresourcemanager.googleapis.com/v1/projects/agriapp-4035:testIamPermissions {"permissions":["firebase.projects.get"]}
[debug] [2025-05-01T17:15:53.835Z] Checked if tokens are valid: true, expires at: 1746123168495
[debug] [2025-05-01T17:15:53.835Z] Checked if tokens are valid: true, expires at: 1746123168495
[debug] [2025-05-01T17:15:53.836Z] Checked if tokens are valid: true, expires at: 1746123168495
[debug] [2025-05-01T17:15:53.836Z] Checked if tokens are valid: true, expires at: 1746123168495
[debug] [2025-05-01T17:15:53.836Z] >>> [apiv2][query] GET https://serviceusage.googleapis.com/v1/projects/agriapp-4035/services/cloudfunctions.googleapis.com [none]
[debug] [2025-05-01T17:15:53.836Z] >>> [apiv2][(partial)header] GET https://serviceusage.googleapis.com/v1/projects/agriapp-4035/services/cloudfunctions.googleapis.com x-goog-quota-user=projects/agriapp-4035
[debug] [2025-05-01T17:15:53.837Z] >>> [apiv2][query] GET https://serviceusage.googleapis.com/v1/projects/agriapp-4035/services/runtimeconfig.googleapis.com [none]
[debug] [2025-05-01T17:15:53.838Z] >>> [apiv2][(partial)header] GET https://serviceusage.googleapis.com/v1/projects/agriapp-4035/services/runtimeconfig.googleapis.com x-goog-quota-user=projects/agriapp-4035
[debug] [2025-05-01T17:15:55.955Z] <<< [apiv2][status] GET https://serviceusage.googleapis.com/v1/projects/agriapp-4035/services/runtimeconfig.googleapis.com 200
[debug] [2025-05-01T17:15:55.955Z] <<< [apiv2][body] GET https://serviceusage.googleapis.com/v1/projects/agriapp-4035/services/runtimeconfig.googleapis.com [omitted]
[debug] [2025-05-01T17:15:55.957Z] <<< [apiv2][status] GET https://serviceusage.googleapis.com/v1/projects/agriapp-4035/services/cloudfunctions.googleapis.com 200
[debug] [2025-05-01T17:15:55.957Z] <<< [apiv2][body] GET https://serviceusage.googleapis.com/v1/projects/agriapp-4035/services/cloudfunctions.googleapis.com [omitted]
[info] Let's create a new codebase for your functions.
[info] A directory corresponding to the codebase will be created in your project
[info] with sample code pre-configured.

[info] See https://firebase.google.com/docs/functions/organize-functions for
[info] more information on organizing your functions using codebases.

[info] Functions can be deployed with firebase deploy.

[info] +  Wrote functions/requirements.txt 
[info] +  Wrote functions/.gitignore 
[info] +  Wrote functions/main.py 
[debug] [2025-05-01T17:16:45.627Z] Running command with virtualenv: command="C:\Minor Project\agri-app\functions\venv\Scripts\activate.bat", args=["","&&","pip3","install","--upgrade","pip"]
[debug] [2025-05-01T17:16:48.044Z] Error: spawn "C:\Minor Project\agri-app\functions\venv\Scripts\activate.bat" ENOENT
    at notFoundError (C:\Users\Mahek Gohil\AppData\Roaming\npm\node_modules\firebase-tools\node_modules\cross-spawn\lib\enoent.js:6:26)
    at verifyENOENT (C:\Users\Mahek Gohil\AppData\Roaming\npm\node_modules\firebase-tools\node_modules\cross-spawn\lib\enoent.js:40:16)
    at cp.emit (C:\Users\Mahek Gohil\AppData\Roaming\npm\node_modules\firebase-tools\node_modules\cross-spawn\lib\enoent.js:27:25)
    at ChildProcess._handle.onexit (node:internal/child_process:294:12)
[error] 
[error] Error: An unexpected error has occurred.
